This is pdfTeX, Version 3.141592653-2.6-1.40.29 (TeX Live 2026/Arch Linux) (preloaded format=pdflatex 2026.6.1)  1 JUL 2026 15:45
entering extended mode
 restricted \write18 enabled.
 %&-line parsing enabled.
**presentacion.tex
(./presentacion.tex
LaTeX2e <2025-11-01>
L3 programming layer <2026-01-19>
(/usr/share/texmf-dist/tex/latex/beamer/beamer.cls
Document Class: beamer 2026/01/22 v3.77 A class for typesetting presentations
(/usr/share/texmf-dist/tex/latex/beamer/beamerbasemodes.sty
(/usr/share/texmf-dist/tex/latex/etoolbox/etoolbox.sty
Package: etoolbox 2025/10/02 v2.5m e-TeX tools for LaTeX (JAW)
\etb@tempcnta=\count275
)
\beamer@tempbox=\box53
\beamer@tempcount=\count276
\c@beamerpauses=\count277

(/usr/share/texmf-dist/tex/latex/beamer/beamerbasedecode.sty
\beamer@slideinframe=\count278
\beamer@minimum=\count279
\beamer@decode@box=\box54
)
\beamer@commentbox=\box55
\beamer@modecount=\count280
)
(/usr/share/texmf-dist/tex/generic/iftex/iftex.sty
Package: iftex 2024/12/12 v1.0g TeX engine tests
)
\headdp=\dimen148
\footheight=\dimen149
\sidebarheight=\dimen150
\beamer@tempdim=\dimen151
\beamer@finalheight=\dimen152
\beamer@animht=\dimen153
\beamer@animdp=\dimen154
\beamer@animwd=\dimen155
\beamer@leftmargin=\dimen156
\beamer@rightmargin=\dimen157
\beamer@leftsidebar=\dimen158
\beamer@rightsidebar=\dimen159
\beamer@boxsize=\dimen160
\beamer@vboxoffset=\dimen161
\beamer@descdefault=\dimen162
\beamer@descriptionwidth=\dimen163
\beamer@lastskip=\skip49
\beamer@areabox=\box56
\beamer@animcurrent=\box57
\beamer@animshowbox=\box58
\beamer@sectionbox=\box59
\beamer@logobox=\box60
\beamer@linebox=\box61
\beamer@sectioncount=\count281
\beamer@subsubsectionmax=\count282
\beamer@subsectionmax=\count283
\beamer@sectionmax=\count284
\beamer@totalheads=\count285
\beamer@headcounter=\count286
\beamer@partstartpage=\count287
\beamer@sectionstartpage=\count288
\beamer@subsectionstartpage=\count289
\beamer@animationtempa=\count290
\beamer@animationtempb=\count291
\beamer@xpos=\count292
\beamer@ypos=\count293
\beamer@ypos@offset=\count294
\beamer@showpartnumber=\count295
\beamer@currentsubsection=\count296
\beamer@coveringdepth=\count297
\beamer@sectionadjust=\count298
\beamer@toclastsection=\count299
\beamer@tocsectionnumber=\count300

(/usr/share/texmf-dist/tex/latex/beamer/beamerbaseoptions.sty
(/usr/share/texmf-dist/tex/latex/graphics/keyval.sty
Package: keyval 2022/05/29 v1.15 key=value parser (DPC)
\KV@toks@=\toks17
))
\beamer@paperwidth=\skip50
\beamer@paperheight=\skip51

(/usr/share/texmf-dist/tex/latex/geometry/geometry.sty
Package: geometry 2020/01/02 v5.9 Page Geometry

(/usr/share/texmf-dist/tex/generic/iftex/ifvtex.sty
Package: ifvtex 2019/10/25 v1.7 ifvtex legacy package. Use iftex instead.
)
\Gm@cnth=\count301
\Gm@cntv=\count302
\c@Gm@tempcnt=\count303
\Gm@bindingoffset=\dimen164
\Gm@wd@mp=\dimen165
\Gm@odd@mp=\dimen166
\Gm@even@mp=\dimen167
\Gm@layoutwidth=\dimen168
\Gm@layoutheight=\dimen169
\Gm@layouthoffset=\dimen170
\Gm@layoutvoffset=\dimen171
\Gm@dimlist=\toks18
)
(/usr/share/texmf-dist/tex/latex/pgf/math/pgfmath.sty
(/usr/share/texmf-dist/tex/latex/pgf/utilities/pgfrcs.sty
(/usr/share/texmf-dist/tex/generic/pgf/utilities/pgfutil-common.tex
\pgfutil@everybye=\toks19
\pgfutil@tempdima=\dimen172
\pgfutil@tempdimb=\dimen173
)
(/usr/share/texmf-dist/tex/generic/pgf/utilities/pgfutil-latex.def
\pgfutil@abb=\box62
)
(/usr/share/texmf-dist/tex/generic/pgf/utilities/pgfrcs.code.tex
(/usr/share/texmf-dist/tex/generic/pgf/pgf.revision.tex)
Package: pgfrcs 2025-08-29 v3.1.11a (3.1.11a)
))
(/usr/share/texmf-dist/tex/latex/pgf/utilities/pgfkeys.sty
(/usr/share/texmf-dist/tex/generic/pgf/utilities/pgfkeys.code.tex
\pgfkeys@pathtoks=\toks20
\pgfkeys@temptoks=\toks21

(/usr/share/texmf-dist/tex/generic/pgf/utilities/pgfkeyslibraryfiltered.code.te
x
\pgfkeys@tmptoks=\toks22
))) (/usr/share/texmf-dist/tex/generic/pgf/math/pgfmath.code.tex
(/usr/share/texmf-dist/tex/generic/pgf/math/pgfmathutil.code.tex
\pgf@x=\dimen174
\pgf@xa=\dimen175
\pgf@xb=\dimen176
\pgf@xc=\dimen177
\pgf@y=\dimen178
\pgf@ya=\dimen179
\pgf@yb=\dimen180
\pgf@yc=\dimen181
\c@pgf@counta=\count304
\c@pgf@countb=\count305
\c@pgf@countc=\count306
\c@pgf@countd=\count307
)
(/usr/share/texmf-dist/tex/generic/pgf/math/pgfmathparser.code.tex
\pgfmath@dimen=\dimen182
\pgfmath@count=\count308
\pgfmath@box=\box63
\pgfmath@toks=\toks23
\pgfmath@stack@operand=\toks24
\pgfmath@stack@operation=\toks25
)
(/usr/share/texmf-dist/tex/generic/pgf/math/pgfmathfunctions.code.tex)
(/usr/share/texmf-dist/tex/generic/pgf/math/pgfmathfunctions.basic.code.tex)
(/usr/share/texmf-dist/tex/generic/pgf/math/pgfmathfunctions.trigonometric.code
.tex)
(/usr/share/texmf-dist/tex/generic/pgf/math/pgfmathfunctions.random.code.tex)
(/usr/share/texmf-dist/tex/generic/pgf/math/pgfmathfunctions.comparison.code.te
x) (/usr/share/texmf-dist/tex/generic/pgf/math/pgfmathfunctions.base.code.tex)
(/usr/share/texmf-dist/tex/generic/pgf/math/pgfmathfunctions.round.code.tex)
(/usr/share/texmf-dist/tex/generic/pgf/math/pgfmathfunctions.misc.code.tex)
(/usr/share/texmf-dist/tex/generic/pgf/math/pgfmathfunctions.integerarithmetics
.code.tex) (/usr/share/texmf-dist/tex/generic/pgf/math/pgfmathcalc.code.tex)
(/usr/share/texmf-dist/tex/generic/pgf/math/pgfmathfloat.code.tex
\c@pgfmathroundto@lastzeros=\count309
)))
(/usr/share/texmf-dist/tex/latex/base/size11.clo
File: size11.clo 2025/01/22 v1.4n Standard LaTeX file (size option)
)
(/usr/share/texmf-dist/tex/latex/pgf/basiclayer/pgfcore.sty
(/usr/share/texmf-dist/tex/latex/graphics/graphicx.sty
Package: graphicx 2024/12/31 v1.2e Enhanced LaTeX Graphics (DPC,SPQR)

(/usr/share/texmf-dist/tex/latex/graphics/graphics.sty
Package: graphics 2024/08/06 v1.4g Standard LaTeX Graphics (DPC,SPQR)

(/usr/share/texmf-dist/tex/latex/graphics/trig.sty
Package: trig 2023/12/02 v1.11 sin cos tan (DPC)
)
(/usr/share/texmf-dist/tex/latex/graphics-cfg/graphics.cfg
File: graphics.cfg 2016/06/04 v1.11 sample graphics configuration
)
Package graphics Info: Driver file: pdftex.def on input line 106.

(/usr/share/texmf-dist/tex/latex/graphics-def/pdftex.def
File: pdftex.def 2025/09/29 v1.2d Graphics/color driver for pdftex
))
\Gin@req@height=\dimen183
\Gin@req@width=\dimen184
)
(/usr/share/texmf-dist/tex/latex/pgf/systemlayer/pgfsys.sty
(/usr/share/texmf-dist/tex/generic/pgf/systemlayer/pgfsys.code.tex
Package: pgfsys 2025-08-29 v3.1.11a (3.1.11a)
\pgf@x=\dimen185
\pgf@y=\dimen186
\pgf@xa=\dimen187
\pgf@ya=\dimen188
\pgf@xb=\dimen189
\pgf@yb=\dimen190
\pgf@xc=\dimen191
\pgf@yc=\dimen192
\pgf@xd=\dimen193
\pgf@yd=\dimen194
\w@pgf@writea=\write3
\r@pgf@reada=\read2
\c@pgf@counta=\count310
\c@pgf@countb=\count311
\c@pgf@countc=\count312
\c@pgf@countd=\count313
\t@pgf@toka=\toks26
\t@pgf@tokb=\toks27
\t@pgf@tokc=\toks28
\pgf@sys@id@count=\count314

(/usr/share/texmf-dist/tex/generic/pgf/systemlayer/pgf.cfg
File: pgf.cfg 2025-08-29 v3.1.11a (3.1.11a)
)
Driver file for pgf: pgfsys-pdftex.def

(/usr/share/texmf-dist/tex/generic/pgf/systemlayer/pgfsys-pdftex.def
File: pgfsys-pdftex.def 2025-08-29 v3.1.11a (3.1.11a)

(/usr/share/texmf-dist/tex/generic/pgf/systemlayer/pgfsys-common-pdf.def
File: pgfsys-common-pdf.def 2025-08-29 v3.1.11a (3.1.11a)
)))
(/usr/share/texmf-dist/tex/generic/pgf/systemlayer/pgfsyssoftpath.code.tex
File: pgfsyssoftpath.code.tex 2025-08-29 v3.1.11a (3.1.11a)
\pgfsyssoftpath@smallbuffer@items=\count315
\pgfsyssoftpath@bigbuffer@items=\count316
)
(/usr/share/texmf-dist/tex/generic/pgf/systemlayer/pgfsysprotocol.code.tex
File: pgfsysprotocol.code.tex 2025-08-29 v3.1.11a (3.1.11a)
))
(/usr/share/texmf-dist/tex/latex/xcolor/xcolor.sty
Package: xcolor 2024/09/29 v3.02 LaTeX color extensions (UK)

(/usr/share/texmf-dist/tex/latex/graphics-cfg/color.cfg
File: color.cfg 2016/01/02 v1.6 sample color configuration
)
Package xcolor Info: Driver file: pdftex.def on input line 274.

(/usr/share/texmf-dist/tex/latex/graphics/mathcolor.ltx)
Package xcolor Info: Model `cmy' substituted by `cmy0' on input line 1349.
Package xcolor Info: Model `hsb' substituted by `rgb' on input line 1353.
Package xcolor Info: Model `RGB' extended on input line 1365.
Package xcolor Info: Model `HTML' substituted by `rgb' on input line 1367.
Package xcolor Info: Model `Hsb' substituted by `hsb' on input line 1368.
Package xcolor Info: Model `tHsb' substituted by `hsb' on input line 1369.
Package xcolor Info: Model `HSB' substituted by `hsb' on input line 1370.
Package xcolor Info: Model `Gray' substituted by `gray' on input line 1371.
Package xcolor Info: Model `wave' substituted by `hsb' on input line 1372.
)
(/usr/share/texmf-dist/tex/generic/pgf/basiclayer/pgfcore.code.tex
Package: pgfcore 2025-08-29 v3.1.11a (3.1.11a)

(/usr/share/texmf-dist/tex/generic/pgf/math/pgfint.code.tex)
(/usr/share/texmf-dist/tex/generic/pgf/basiclayer/pgfcorepoints.code.tex
File: pgfcorepoints.code.tex 2025-08-29 v3.1.11a (3.1.11a)
\pgf@picminx=\dimen195
\pgf@picmaxx=\dimen196
\pgf@picminy=\dimen197
\pgf@picmaxy=\dimen198
\pgf@pathminx=\dimen199
\pgf@pathmaxx=\dimen256
\pgf@pathminy=\dimen257
\pgf@pathmaxy=\dimen258
\pgf@xx=\dimen259
\pgf@xy=\dimen260
\pgf@yx=\dimen261
\pgf@yy=\dimen262
\pgf@zx=\dimen263
\pgf@zy=\dimen264
)
(/usr/share/texmf-dist/tex/generic/pgf/basiclayer/pgfcorepathconstruct.code.tex
File: pgfcorepathconstruct.code.tex 2025-08-29 v3.1.11a (3.1.11a)
\pgf@path@lastx=\dimen265
\pgf@path@lasty=\dimen266
) (/usr/share/texmf-dist/tex/generic/pgf/basiclayer/pgfcorepathusage.code.tex
File: pgfcorepathusage.code.tex 2025-08-29 v3.1.11a (3.1.11a)
\pgf@shorten@end@additional=\dimen267
\pgf@shorten@start@additional=\dimen268
)
(/usr/share/texmf-dist/tex/generic/pgf/basiclayer/pgfcorescopes.code.tex
File: pgfcorescopes.code.tex 2025-08-29 v3.1.11a (3.1.11a)
\pgfpic=\box64
\pgf@hbox=\box65
\pgf@layerbox@main=\box66
\pgf@picture@serial@count=\count317
)
(/usr/share/texmf-dist/tex/generic/pgf/basiclayer/pgfcoregraphicstate.code.tex
File: pgfcoregraphicstate.code.tex 2025-08-29 v3.1.11a (3.1.11a)
\pgflinewidth=\dimen269
)
(/usr/share/texmf-dist/tex/generic/pgf/basiclayer/pgfcoretransformations.code.t
ex
File: pgfcoretransformations.code.tex 2025-08-29 v3.1.11a (3.1.11a)
\pgf@pt@x=\dimen270
\pgf@pt@y=\dimen271
\pgf@pt@temp=\dimen272
) (/usr/share/texmf-dist/tex/generic/pgf/basiclayer/pgfcorequick.code.tex
File: pgfcorequick.code.tex 2025-08-29 v3.1.11a (3.1.11a)
)
(/usr/share/texmf-dist/tex/generic/pgf/basiclayer/pgfcoreobjects.code.tex
File: pgfcoreobjects.code.tex 2025-08-29 v3.1.11a (3.1.11a)
)
(/usr/share/texmf-dist/tex/generic/pgf/basiclayer/pgfcorepathprocessing.code.te
x
File: pgfcorepathprocessing.code.tex 2025-08-29 v3.1.11a (3.1.11a)
) (/usr/share/texmf-dist/tex/generic/pgf/basiclayer/pgfcorearrows.code.tex
File: pgfcorearrows.code.tex 2025-08-29 v3.1.11a (3.1.11a)
\pgfarrowsep=\dimen273
)
(/usr/share/texmf-dist/tex/generic/pgf/basiclayer/pgfcoreshade.code.tex
File: pgfcoreshade.code.tex 2025-08-29 v3.1.11a (3.1.11a)
\pgf@max=\dimen274
\pgf@sys@shading@range@num=\count318
\pgf@shadingcount=\count319
)
(/usr/share/texmf-dist/tex/generic/pgf/basiclayer/pgfcoreimage.code.tex
File: pgfcoreimage.code.tex 2025-08-29 v3.1.11a (3.1.11a)
)
(/usr/share/texmf-dist/tex/generic/pgf/basiclayer/pgfcoreexternal.code.tex
File: pgfcoreexternal.code.tex 2025-08-29 v3.1.11a (3.1.11a)
\pgfexternal@startupbox=\box67
)
(/usr/share/texmf-dist/tex/generic/pgf/basiclayer/pgfcorelayers.code.tex
File: pgfcorelayers.code.tex 2025-08-29 v3.1.11a (3.1.11a)
)
(/usr/share/texmf-dist/tex/generic/pgf/basiclayer/pgfcoretransparency.code.tex
File: pgfcoretransparency.code.tex 2025-08-29 v3.1.11a (3.1.11a)
) (/usr/share/texmf-dist/tex/generic/pgf/basiclayer/pgfcorepatterns.code.tex
File: pgfcorepatterns.code.tex 2025-08-29 v3.1.11a (3.1.11a)
)
(/usr/share/texmf-dist/tex/generic/pgf/basiclayer/pgfcorerdf.code.tex
File: pgfcorerdf.code.tex 2025-08-29 v3.1.11a (3.1.11a)
)))
(/usr/share/texmf-dist/tex/latex/pgf/utilities/xxcolor.sty
Package: xxcolor 2003/10/24 ver 0.1
\XC@nummixins=\count320
\XC@countmixins=\count321
)
(/usr/share/texmf-dist/tex/latex/base/atbegshi-ltx.sty
Package: atbegshi-ltx 2021/01/10 v1.0c Emulation of the original atbegshi
package with kernel methods
)
(/usr/share/texmf-dist/tex/latex/hyperref/hyperref.sty
Package: hyperref 2026-01-29 v7.01p Hypertext links for LaTeX

(/usr/share/texmf-dist/tex/latex/kvsetkeys/kvsetkeys.sty
Package: kvsetkeys 2022-10-05 v1.19 Key value parser (HO)
)
(/usr/share/texmf-dist/tex/generic/kvdefinekeys/kvdefinekeys.sty
Package: kvdefinekeys 2019-12-19 v1.6 Define keys (HO)
)
(/usr/share/texmf-dist/tex/generic/pdfescape/pdfescape.sty
Package: pdfescape 2019/12/09 v1.15 Implements pdfTeX's escape features (HO)

(/usr/share/texmf-dist/tex/generic/ltxcmds/ltxcmds.sty
Package: ltxcmds 2023-12-04 v1.26 LaTeX kernel commands for general use (HO)
)
(/usr/share/texmf-dist/tex/generic/pdftexcmds/pdftexcmds.sty
Package: pdftexcmds 2020-06-27 v0.33 Utility functions of pdfTeX for LuaTeX (HO
)

(/usr/share/texmf-dist/tex/generic/infwarerr/infwarerr.sty
Package: infwarerr 2019/12/03 v1.5 Providing info/warning/error messages (HO)
)
Package pdftexcmds Info: \pdf@primitive is available.
Package pdftexcmds Info: \pdf@ifprimitive is available.
Package pdftexcmds Info: \pdfdraftmode found.
))
(/usr/share/texmf-dist/tex/latex/hycolor/hycolor.sty
Package: hycolor 2020-01-27 v1.10 Color options for hyperref/bookmark (HO)
)
(/usr/share/texmf-dist/tex/latex/hyperref/nameref.sty
Package: nameref 2026-01-29 v2.58 Cross-referencing by name of section

(/usr/share/texmf-dist/tex/latex/refcount/refcount.sty
Package: refcount 2019/12/15 v3.6 Data extraction from label references (HO)
)
(/usr/share/texmf-dist/tex/generic/gettitlestring/gettitlestring.sty
Package: gettitlestring 2019/12/15 v1.6 Cleanup title references (HO)

(/usr/share/texmf-dist/tex/latex/kvoptions/kvoptions.sty
Package: kvoptions 2022-06-15 v3.15 Key value format for package options (HO)
))
\c@section@level=\count322
)
(/usr/share/texmf-dist/tex/generic/stringenc/stringenc.sty
Package: stringenc 2019/11/29 v1.12 Convert strings between diff. encodings (HO
)
)
\@linkdim=\dimen275
\Hy@linkcounter=\count323
\Hy@pagecounter=\count324

(/usr/share/texmf-dist/tex/latex/hyperref/pd1enc.def
File: pd1enc.def 2026-01-29 v7.01p Hyperref: PDFDocEncoding definition (HO)
Now handling font encoding PD1 ...
... no UTF-8 mapping file for font encoding PD1
)
(/usr/share/texmf-dist/tex/generic/intcalc/intcalc.sty
Package: intcalc 2019/12/15 v1.3 Expandable calculations with integers (HO)
)
\Hy@SavedSpaceFactor=\count325

(/usr/share/texmf-dist/tex/latex/hyperref/puenc.def
File: puenc.def 2026-01-29 v7.01p Hyperref: PDF Unicode definition (HO)
Now handling font encoding PU ...
... no UTF-8 mapping file for font encoding PU
)
Package hyperref Info: Option `bookmarks' set `true' on input line 4072.
Package hyperref Info: Option `bookmarksopen' set `true' on input line 4072.
Package hyperref Info: Option `implicit' set `false' on input line 4072.
Package hyperref Info: Hyper figures OFF on input line 4201.
Package hyperref Info: Link nesting OFF on input line 4206.
Package hyperref Info: Hyper index ON on input line 4209.
Package hyperref Info: Plain pages OFF on input line 4216.
Package hyperref Info: Backreferencing OFF on input line 4221.
Package hyperref Info: Implicit mode OFF; no redefinition of LaTeX internals.
Package hyperref Info: Bookmarks ON on input line 4468.
\c@Hy@tempcnt=\count326

(/usr/share/texmf-dist/tex/latex/url/url.sty
\Urlmuskip=\muskip17
Package: url 2013/09/16  ver 3.4  Verb mode for urls, etc.
)
LaTeX Info: Redefining \url on input line 4807.
\XeTeXLinkMargin=\dimen276

(/usr/share/texmf-dist/tex/generic/bitset/bitset.sty
Package: bitset 2019/12/09 v1.3 Handle bit-vector datatype (HO)

(/usr/share/texmf-dist/tex/generic/bigintcalc/bigintcalc.sty
Package: bigintcalc 2019/12/15 v1.5 Expandable calculations on big integers (HO
)
))
\Fld@menulength=\count327
\Field@Width=\dimen277
\Fld@charsize=\dimen278
Package hyperref Info: Hyper figures OFF on input line 6084.
Package hyperref Info: Link nesting OFF on input line 6089.
Package hyperref Info: Hyper index ON on input line 6092.
Package hyperref Info: backreferencing OFF on input line 6099.
Package hyperref Info: Link coloring OFF on input line 6104.
Package hyperref Info: Link coloring with OCG OFF on input line 6109.
Package hyperref Info: PDF/A mode OFF on input line 6114.
\Hy@abspage=\count328


Package hyperref Message: Stopped early.

)
Package hyperref Info: Driver (autodetected): hpdftex.
 (/usr/share/texmf-dist/tex/latex/hyperref/hpdftex.def
File: hpdftex.def 2026-01-29 v7.01p Hyperref driver for pdfTeX
\Fld@listcount=\count329
\c@bookmark@seq@number=\count330

(/usr/share/texmf-dist/tex/latex/rerunfilecheck/rerunfilecheck.sty
Package: rerunfilecheck 2025-06-21 v1.11 Rerun checks for auxiliary files (HO)

(/usr/share/texmf-dist/tex/generic/uniquecounter/uniquecounter.sty
Package: uniquecounter 2019/12/15 v1.4 Provide unlimited unique counter (HO)
)
Package uniquecounter Info: New unique counter `rerunfilecheck' on input line 2
84.
))
(/usr/share/texmf-dist/tex/latex/beamer/beamerbaserequires.sty
(/usr/share/texmf-dist/tex/latex/beamer/beamerbasecompatibility.sty)
(/usr/share/texmf-dist/tex/latex/beamer/beamerbasefont.sty
(/usr/share/texmf-dist/tex/latex/amsfonts/amssymb.sty
Package: amssymb 2013/01/14 v3.01 AMS font symbols

(/usr/share/texmf-dist/tex/latex/amsfonts/amsfonts.sty
Package: amsfonts 2013/01/14 v3.01 Basic AMSFonts support
\@emptytoks=\toks29
\symAMSa=\mathgroup4
\symAMSb=\mathgroup5
LaTeX Font Info:    Redeclaring math symbol \hbar on input line 98.
LaTeX Font Info:    Overwriting math alphabet `\mathfrak' in version `bold'
(Font)                  U/euf/m/n --> U/euf/b/n on input line 106.
))
(/usr/share/texmf-dist/tex/latex/sansmathaccent/sansmathaccent.sty
Package: sansmathaccent 2020/01/31

(/usr/share/texmf-dist/tex/latex/koma-script/scrlfile.sty
Package: scrlfile 2026/02/02 v3.49.2 KOMA-Script package (file load hooks)

(/usr/share/texmf-dist/tex/latex/koma-script/scrlfile-hook.sty
Package: scrlfile-hook 2026/02/02 v3.49.2 KOMA-Script package (using LaTeX hook
s)

(/usr/share/texmf-dist/tex/latex/koma-script/scrlogo.sty
Package: scrlogo 2026/02/02 v3.49.2 KOMA-Script package (logo)
)))))
(/usr/share/texmf-dist/tex/latex/beamer/beamerbasetranslator.sty
(/usr/share/texmf-dist/tex/latex/translator/translator.sty
Package: translator 2021-05-31 v1.12d Easy translation of strings in LaTeX
))
(/usr/share/texmf-dist/tex/latex/beamer/beamerbasemisc.sty)
(/usr/share/texmf-dist/tex/latex/beamer/beamerbasetwoscreens.sty)
(/usr/share/texmf-dist/tex/latex/beamer/beamerbaseoverlay.sty
\beamer@argscount=\count331
\beamer@lastskipcover=\skip52
\beamer@trivlistdepth=\count332
)
(/usr/share/texmf-dist/tex/latex/beamer/beamerbasetitle.sty)
(/usr/share/texmf-dist/tex/latex/beamer/beamerbasesection.sty
\c@lecture=\count333
\c@part=\count334
\c@section=\count335
\c@subsection=\count336
\c@subsubsection=\count337
)
(/usr/share/texmf-dist/tex/latex/beamer/beamerbaseframe.sty
\beamer@framebox=\box68
\beamer@frametitlebox=\box69
\beamer@zoombox=\box70
\beamer@zoomcount=\count338
\beamer@zoomframecount=\count339
\beamer@frametextheight=\dimen279
\c@subsectionslide=\count340
\beamer@frametopskip=\skip53
\beamer@framebottomskip=\skip54
\beamer@frametopskipautobreak=\skip55
\beamer@framebottomskipautobreak=\skip56
\beamer@envbody=\toks30
\framewidth=\dimen280
\c@framenumber=\count341
)
(/usr/share/texmf-dist/tex/latex/beamer/beamerbaseverbatim.sty
\beamer@verbatimfileout=\write4
)
(/usr/share/texmf-dist/tex/latex/beamer/beamerbaseframesize.sty
\beamer@splitbox=\box71
\beamer@autobreakcount=\count342
\beamer@autobreaklastheight=\dimen281
\beamer@frametitletoks=\toks31
\beamer@framesubtitletoks=\toks32
)
(/usr/share/texmf-dist/tex/latex/beamer/beamerbaseframecomponents.sty
\beamer@colheight=\skip57
\beamer@footins=\box72
)
(/usr/share/texmf-dist/tex/latex/beamer/beamerbasecolor.sty)
(/usr/share/texmf-dist/tex/latex/beamer/beamerbasenotes.sty
\beamer@frameboxcopy=\box73
)
(/usr/share/texmf-dist/tex/latex/beamer/beamerbasetoc.sty)
(/usr/share/texmf-dist/tex/latex/beamer/beamerbasetemplates.sty
\beamer@sbttoks=\toks33

(/usr/share/texmf-dist/tex/latex/beamer/beamerbaseauxtemplates.sty
(/usr/share/texmf-dist/tex/latex/beamer/beamerbaseboxes.sty
\bmb@box=\box74
\bmb@colorbox=\box75
\bmb@boxwidth=\dimen282
\bmb@boxheight=\dimen283
\bmb@prevheight=\dimen284
\bmb@temp=\dimen285
\bmb@dima=\dimen286
\bmb@dimb=\dimen287
\bmb@prevheight=\dimen288
)
\beamer@blockheadheight=\dimen289
))
(/usr/share/texmf-dist/tex/latex/beamer/beamerbaselocalstructure.sty
(/usr/share/texmf-dist/tex/latex/tools/enumerate.sty
Package: enumerate 2023/07/04 v3.00 enumerate extensions (DPC)
\@enLab=\toks34
)
\beamer@bibiconwidth=\skip58
\c@figure=\count343
\c@table=\count344
\abovecaptionskip=\skip59
\belowcaptionskip=\skip60
)
(/usr/share/texmf-dist/tex/latex/beamer/beamerbasenavigation.sty
(/usr/share/texmf-dist/tex/latex/beamer/beamerbasenavigationsymbols.tex)
\beamer@section@min@dim=\dimen290
)
(/usr/share/texmf-dist/tex/latex/beamer/beamerbasetheorems.sty
(/usr/share/texmf-dist/tex/latex/amsmath/amsmath.sty
Package: amsmath 2025/07/09 v2.17z AMS math features
\@mathmargin=\skip61

For additional information on amsmath, use the `?' option.
(/usr/share/texmf-dist/tex/latex/amsmath/amstext.sty
Package: amstext 2024/11/17 v2.01 AMS text

(/usr/share/texmf-dist/tex/latex/amsmath/amsgen.sty
File: amsgen.sty 1999/11/30 v2.0 generic functions
\@emptytoks=\toks35
\ex@=\dimen291
))
(/usr/share/texmf-dist/tex/latex/amsmath/amsbsy.sty
Package: amsbsy 1999/11/29 v1.2d Bold Symbols
\pmbraise@=\dimen292
)
(/usr/share/texmf-dist/tex/latex/amsmath/amsopn.sty
Package: amsopn 2022/04/08 v2.04 operator names
)
\inf@bad=\count345
LaTeX Info: Redefining \frac on input line 233.
\uproot@=\count346
\leftroot@=\count347
LaTeX Info: Redefining \overline on input line 398.
LaTeX Info: Redefining \colon on input line 409.
\classnum@=\count348
\DOTSCASE@=\count349
LaTeX Info: Redefining \ldots on input line 495.
LaTeX Info: Redefining \dots on input line 498.
LaTeX Info: Redefining \cdots on input line 619.
\Mathstrutbox@=\box76
\strutbox@=\box77
LaTeX Info: Redefining \big on input line 721.
LaTeX Info: Redefining \Big on input line 722.
LaTeX Info: Redefining \bigg on input line 723.
LaTeX Info: Redefining \Bigg on input line 724.
\big@size=\dimen293
LaTeX Font Info:    Redeclaring font encoding OML on input line 742.
LaTeX Font Info:    Redeclaring font encoding OMS on input line 743.
\macc@depth=\count350
LaTeX Info: Redefining \bmod on input line 904.
LaTeX Info: Redefining \pmod on input line 909.
LaTeX Info: Redefining \smash on input line 939.
LaTeX Info: Redefining \relbar on input line 969.
LaTeX Info: Redefining \Relbar on input line 970.
\c@MaxMatrixCols=\count351
\dotsspace@=\muskip18
\c@parentequation=\count352
\dspbrk@lvl=\count353
\tag@help=\toks36
\row@=\count354
\column@=\count355
\maxfields@=\count356
\andhelp@=\toks37
\eqnshift@=\dimen294
\alignsep@=\dimen295
\tagshift@=\dimen296
\tagwidth@=\dimen297
\totwidth@=\dimen298
\lineht@=\dimen299
\@envbody=\toks38
\multlinegap=\skip62
\multlinetaggap=\skip63
\mathdisplay@stack=\toks39
LaTeX Info: Redefining \[ on input line 2950.
LaTeX Info: Redefining \] on input line 2951.
)
(/usr/share/texmf-dist/tex/latex/amscls/amsthm.sty
Package: amsthm 2020/05/29 v2.20.6
\thm@style=\toks40
\thm@bodyfont=\toks41
\thm@headfont=\toks42
\thm@notefont=\toks43
\thm@headpunct=\toks44
\thm@preskip=\skip64
\thm@postskip=\skip65
\thm@headsep=\skip66
\dth@everypar=\toks45
)
\c@theorem=\count357
)
(/usr/share/texmf-dist/tex/latex/beamer/beamerbasethemes.sty))
(/usr/share/texmf-dist/tex/latex/beamer/beamerthemedefault.sty
(/usr/share/texmf-dist/tex/latex/beamer/beamerfontthemedefault.sty)
(/usr/share/texmf-dist/tex/latex/beamer/beamercolorthemedefault.sty)
(/usr/share/texmf-dist/tex/latex/beamer/beamerinnerthemedefault.sty
\beamer@dima=\dimen300
\beamer@dimb=\dimen301
)
(/usr/share/texmf-dist/tex/latex/beamer/beamerouterthemedefault.sty)))
(/usr/share/texmf-dist/tex/latex/beamer/beamerthemeMadrid.sty
(/usr/share/texmf-dist/tex/latex/beamer/beamercolorthemewhale.sty)
(/usr/share/texmf-dist/tex/latex/beamer/beamercolorthemeorchid.sty)
(/usr/share/texmf-dist/tex/latex/beamer/beamerinnerthemerounded.sty)
(/usr/share/texmf-dist/tex/latex/beamer/beamerouterthemeinfolines.sty))
(/usr/share/texmf-dist/tex/latex/base/inputenc.sty
Package: inputenc 2024/02/08 v1.3d Input encoding file
\inpenc@prehook=\toks46
\inpenc@posthook=\toks47
)
(/usr/share/texmf-dist/tex/latex/base/fontenc.sty
Package: fontenc 2025/07/18 v2.1d Standard LaTeX package
)
(/usr/share/texmf-dist/tex/latex/listings/listings.sty
\lst@mode=\count358
\lst@gtempboxa=\box78
\lst@token=\toks48
\lst@length=\count359
\lst@currlwidth=\dimen302
\lst@column=\count360
\lst@pos=\count361
\lst@lostspace=\dimen303
\lst@width=\dimen304
\lst@newlines=\count362
\lst@lineno=\count363
\lst@maxwidth=\dimen305

(/usr/share/texmf-dist/tex/latex/listings/lstpatch.sty
File: lstpatch.sty 2025/11/14 1.11b (Carsten Heinz)
)
(/usr/share/texmf-dist/tex/latex/listings/lstmisc.sty
File: lstmisc.sty 2025/11/14 1.11b (Carsten Heinz)
\c@lstnumber=\count364
\lst@skipnumbers=\count365
\lst@framebox=\box79
)
(/usr/share/texmf-dist/tex/latex/listings/listings.cfg
File: listings.cfg 2025/11/14 1.11b listings configuration
))
Package: listings 2025/11/14 1.11b (Carsten Heinz)

==> First Aid for listings.sty no longer applied!
    Expected:
        2024/09/23 1.10c (Carsten Heinz)
    but found:
        2025/11/14 1.11b (Carsten Heinz)
    so I'm assuming it got fixed.
(/usr/share/texmf-dist/tex/latex/booktabs/booktabs.sty
Package: booktabs 2020/01/12 v1.61803398 Publication quality tables
\heavyrulewidth=\dimen306
\lightrulewidth=\dimen307
\cmidrulewidth=\dimen308
\belowrulesep=\dimen309
\belowbottomsep=\dimen310
\aboverulesep=\dimen311
\abovetopsep=\dimen312
\cmidrulesep=\dimen313
\cmidrulekern=\dimen314
\defaultaddspace=\dimen315
\@cmidla=\count366
\@cmidlb=\count367
\@aboverulesep=\dimen316
\@belowrulesep=\dimen317
\@thisruleclass=\count368
\@lastruleclass=\count369
\@thisrulewidth=\dimen318
)
(/usr/share/texmf-dist/tex/latex/listings/lstlang1.sty
File: lstlang1.sty 2025/11/14 1.11b listings language file
)
(/usr/share/texmf-dist/tex/latex/listings/lstlang2.sty
File: lstlang2.sty 2025/11/14 1.11b listings language file
)
(/usr/share/texmf-dist/tex/latex/listings/lstlang3.sty
File: lstlang3.sty 2025/11/14 1.11b listings language file
)

Package hyperref Warning: Token not allowed in a PDF string (Unicode):
(hyperref)                removing `\<let>-command' on input line 33.


Package hyperref Warning: Token not allowed in a PDF string (Unicode):
(hyperref)                removing `\@halignto' on input line 33.


Package hyperref Warning: Token not allowed in a PDF string (Unicode):
(hyperref)                removing `\hbox' on input line 33.


Package hyperref Warning: Token not allowed in a PDF string (Unicode):
(hyperref)                removing `math shift' on input line 33.


Package hyperref Warning: Token not allowed in a PDF string (Unicode):
(hyperref)                removing `\<let>-command' on input line 33.


Package hyperref Warning: Token not allowed in a PDF string (Unicode):
(hyperref)                removing `\@acol' on input line 33.


Package hyperref Warning: Token not allowed in a PDF string (Unicode):
(hyperref)                removing `\<def>-command' on input line 33.


Package hyperref Warning: Token not allowed in a PDF string (Unicode):
(hyperref)                removing `\@preamble' on input line 33.


Package hyperref Warning: Token not allowed in a PDF string (Unicode):
(hyperref)                removing `\<let>-command' on input line 33.


Package hyperref Warning: Token not allowed in a PDF string (Unicode):
(hyperref)                removing `\@classz' on input line 33.


Package hyperref Warning: Token not allowed in a PDF string (Unicode):
(hyperref)                removing `\@acol' on input line 33.


Package hyperref Warning: Token not allowed in a PDF string (Unicode):
(hyperref)                removing `\<def>-command' on input line 33.


Package hyperref Warning: Token not allowed in a PDF string (Unicode):
(hyperref)                removing `\@preamble' on input line 33.


Package hyperref Warning: Token not allowed in a PDF string (Unicode):
(hyperref)                removing `\@acol' on input line 33.


Package hyperref Warning: Token not allowed in a PDF string (Unicode):
(hyperref)                removing `\<def>-command' on input line 33.


Package hyperref Warning: Token not allowed in a PDF string (Unicode):
(hyperref)                removing `\@preamble' on input line 33.


Package hyperref Warning: Token not allowed in a PDF string (Unicode):
(hyperref)                removing `\<let>-command' on input line 33.


Package hyperref Warning: Token not allowed in a PDF string (Unicode):
(hyperref)                removing `\@classiv' on input line 33.


Package hyperref Warning: Token not allowed in a PDF string (Unicode):
(hyperref)                removing `\<def>-command' on input line 33.


Package hyperref Warning: Token not allowed in a PDF string (Unicode):
(hyperref)                removing `\@preamble' on input line 33.


Package hyperref Warning: Token not allowed in a PDF string (Unicode):
(hyperref)                removing `\<let>-command' on input line 33.


Package hyperref Warning: Token not allowed in a PDF string (Unicode):
(hyperref)                removing `\\' on input line 33.


Package hyperref Warning: Token not allowed in a PDF string (Unicode):
(hyperref)                removing `\@tabularcr' on input line 33.


Package hyperref Warning: Token not allowed in a PDF string (Unicode):
(hyperref)                removing `\mathsurround' on input line 33.


Package hyperref Warning: Token not allowed in a PDF string (Unicode):
(hyperref)                removing `\z@' on input line 33.


Package hyperref Warning: Token not allowed in a PDF string (Unicode):
(hyperref)                removing `\@ifnextchar' on input line 33.


Package hyperref Warning: Token not allowed in a PDF string (Unicode):
(hyperref)                removing `\\' on input line 33.


Package hyperref Warning: Token not allowed in a PDF string (Unicode):
(hyperref)                removing `\crcr' on input line 33.


Package hyperref Warning: Token not allowed in a PDF string (Unicode):
(hyperref)                removing `math shift' on input line 33.


Package hyperref Warning: Token not allowed in a PDF string (Unicode):
(hyperref)                removing `\<let>-command' on input line 33.


Package hyperref Warning: Token not allowed in a PDF string (Unicode):
(hyperref)                removing `\@halignto' on input line 33.


Package hyperref Warning: Token not allowed in a PDF string (Unicode):
(hyperref)                removing `\hbox' on input line 33.


Package hyperref Warning: Token not allowed in a PDF string (Unicode):
(hyperref)                removing `math shift' on input line 33.


Package hyperref Warning: Token not allowed in a PDF string (Unicode):
(hyperref)                removing `\<let>-command' on input line 33.


Package hyperref Warning: Token not allowed in a PDF string (Unicode):
(hyperref)                removing `\@acol' on input line 33.


Package hyperref Warning: Token not allowed in a PDF string (Unicode):
(hyperref)                removing `\<def>-command' on input line 33.


Package hyperref Warning: Token not allowed in a PDF string (Unicode):
(hyperref)                removing `\@preamble' on input line 33.


Package hyperref Warning: Token not allowed in a PDF string (Unicode):
(hyperref)                removing `\<let>-command' on input line 33.


Package hyperref Warning: Token not allowed in a PDF string (Unicode):
(hyperref)                removing `\@classz' on input line 33.


Package hyperref Warning: Token not allowed in a PDF string (Unicode):
(hyperref)                removing `\@acol' on input line 33.


Package hyperref Warning: Token not allowed in a PDF string (Unicode):
(hyperref)                removing `\<def>-command' on input line 33.


Package hyperref Warning: Token not allowed in a PDF string (Unicode):
(hyperref)                removing `\@preamble' on input line 33.


Package hyperref Warning: Token not allowed in a PDF string (Unicode):
(hyperref)                removing `\@acol' on input line 33.


Package hyperref Warning: Token not allowed in a PDF string (Unicode):
(hyperref)                removing `\<def>-command' on input line 33.


Package hyperref Warning: Token not allowed in a PDF string (Unicode):
(hyperref)                removing `\@preamble' on input line 33.


Package hyperref Warning: Token not allowed in a PDF string (Unicode):
(hyperref)                removing `\<let>-command' on input line 33.


Package hyperref Warning: Token not allowed in a PDF string (Unicode):
(hyperref)                removing `\@classiv' on input line 33.


Package hyperref Warning: Token not allowed in a PDF string (Unicode):
(hyperref)                removing `\<def>-command' on input line 33.


Package hyperref Warning: Token not allowed in a PDF string (Unicode):
(hyperref)                removing `\@preamble' on input line 33.


Package hyperref Warning: Token not allowed in a PDF string (Unicode):
(hyperref)                removing `\<let>-command' on input line 33.


Package hyperref Warning: Token not allowed in a PDF string (Unicode):
(hyperref)                removing `\\' on input line 33.


Package hyperref Warning: Token not allowed in a PDF string (Unicode):
(hyperref)                removing `\@tabularcr' on input line 33.


Package hyperref Warning: Token not allowed in a PDF string (Unicode):
(hyperref)                removing `\mathsurround' on input line 33.


Package hyperref Warning: Token not allowed in a PDF string (Unicode):
(hyperref)                removing `\z@' on input line 33.


Package hyperref Warning: Token not allowed in a PDF string (Unicode):
(hyperref)                removing `\@ifnextchar' on input line 33.


Package hyperref Warning: Token not allowed in a PDF string (Unicode):
(hyperref)                removing `\\' on input line 33.


Package hyperref Warning: Token not allowed in a PDF string (Unicode):
(hyperref)                removing `\crcr' on input line 33.


Package hyperref Warning: Token not allowed in a PDF string (Unicode):
(hyperref)                removing `math shift' on input line 33.


Package hyperref Warning: Token not allowed in a PDF string (Unicode):
(hyperref)                removing `\<let>-command' on input line 33.


Package hyperref Warning: Token not allowed in a PDF string (Unicode):
(hyperref)                removing `\@halignto' on input line 33.


Package hyperref Warning: Token not allowed in a PDF string (Unicode):
(hyperref)                removing `\hbox' on input line 33.


Package hyperref Warning: Token not allowed in a PDF string (Unicode):
(hyperref)                removing `math shift' on input line 33.


Package hyperref Warning: Token not allowed in a PDF string (Unicode):
(hyperref)                removing `\<let>-command' on input line 33.


Package hyperref Warning: Token not allowed in a PDF string (Unicode):
(hyperref)                removing `\@acol' on input line 33.


Package hyperref Warning: Token not allowed in a PDF string (Unicode):
(hyperref)                removing `\<def>-command' on input line 33.


Package hyperref Warning: Token not allowed in a PDF string (Unicode):
(hyperref)                removing `\@preamble' on input line 33.


Package hyperref Warning: Token not allowed in a PDF string (Unicode):
(hyperref)                removing `\<let>-command' on input line 33.


Package hyperref Warning: Token not allowed in a PDF string (Unicode):
(hyperref)                removing `\@classz' on input line 33.


Package hyperref Warning: Token not allowed in a PDF string (Unicode):
(hyperref)                removing `\@acol' on input line 33.


Package hyperref Warning: Token not allowed in a PDF string (Unicode):
(hyperref)                removing `\<def>-command' on input line 33.


Package hyperref Warning: Token not allowed in a PDF string (Unicode):
(hyperref)                removing `\@preamble' on input line 33.


Package hyperref Warning: Token not allowed in a PDF string (Unicode):
(hyperref)                removing `\@acol' on input line 33.


Package hyperref Warning: Token not allowed in a PDF string (Unicode):
(hyperref)                removing `\<def>-command' on input line 33.


Package hyperref Warning: Token not allowed in a PDF string (Unicode):
(hyperref)                removing `\@preamble' on input line 33.


Package hyperref Warning: Token not allowed in a PDF string (Unicode):
(hyperref)                removing `\<let>-command' on input line 33.


Package hyperref Warning: Token not allowed in a PDF string (Unicode):
(hyperref)                removing `\@classiv' on input line 33.


Package hyperref Warning: Token not allowed in a PDF string (Unicode):
(hyperref)                removing `\<def>-command' on input line 33.


Package hyperref Warning: Token not allowed in a PDF string (Unicode):
(hyperref)                removing `\@preamble' on input line 33.


Package hyperref Warning: Token not allowed in a PDF string (Unicode):
(hyperref)                removing `\<let>-command' on input line 33.


Package hyperref Warning: Token not allowed in a PDF string (Unicode):
(hyperref)                removing `\\' on input line 33.


Package hyperref Warning: Token not allowed in a PDF string (Unicode):
(hyperref)                removing `\@tabularcr' on input line 33.


Package hyperref Warning: Token not allowed in a PDF string (Unicode):
(hyperref)                removing `\mathsurround' on input line 33.


Package hyperref Warning: Token not allowed in a PDF string (Unicode):
(hyperref)                removing `\z@' on input line 33.


Package hyperref Warning: Token not allowed in a PDF string (Unicode):
(hyperref)                removing `\@ifnextchar' on input line 33.


Package hyperref Warning: Token not allowed in a PDF string (Unicode):
(hyperref)                removing `\\' on input line 33.


Package hyperref Warning: Token not allowed in a PDF string (Unicode):
(hyperref)                removing `\crcr' on input line 33.


Package hyperref Warning: Token not allowed in a PDF string (Unicode):
(hyperref)                removing `math shift' on input line 33.

(/usr/share/texmf-dist/tex/latex/l3backend/l3backend-pdftex.def
File: l3backend-pdftex.def 2025-10-09 L3 backend support: PDF output (pdfTeX)
\l__color_backend_stack_int=\count370
)
(./presentacion.aux)
\openout1 = `presentacion.aux'.

LaTeX Font Info:    Checking defaults for OML/cmm/m/it on input line 60.
LaTeX Font Info:    ... okay on input line 60.
LaTeX Font Info:    Checking defaults for OMS/cmsy/m/n on input line 60.
LaTeX Font Info:    ... okay on input line 60.
LaTeX Font Info:    Checking defaults for OT1/cmr/m/n on input line 60.
LaTeX Font Info:    ... okay on input line 60.
LaTeX Font Info:    Checking defaults for T1/cmr/m/n on input line 60.
LaTeX Font Info:    ... okay on input line 60.
LaTeX Font Info:    Checking defaults for TS1/cmr/m/n on input line 60.
LaTeX Font Info:    ... okay on input line 60.
LaTeX Font Info:    Checking defaults for OMX/cmex/m/n on input line 60.
LaTeX Font Info:    ... okay on input line 60.
LaTeX Font Info:    Checking defaults for U/cmr/m/n on input line 60.
LaTeX Font Info:    ... okay on input line 60.
LaTeX Font Info:    Checking defaults for PD1/pdf/m/n on input line 60.
LaTeX Font Info:    ... okay on input line 60.
LaTeX Font Info:    Checking defaults for PU/pdf/m/n on input line 60.
LaTeX Font Info:    ... okay on input line 60.

*geometry* driver: auto-detecting
*geometry* detected driver: pdftex
*geometry* verbose mode - [ preamble ] result:
* driver: pdftex
* paper: custom
* layout: <same size as paper>
* layoutoffset:(h,v)=(0.0pt,0.0pt)
* modes: includehead includefoot 
* h-part:(L,W,R)=(10.95003pt, 342.2953pt, 10.95003pt)
* v-part:(T,H,B)=(0.0pt, 273.14662pt, 0.0pt)
* \paperwidth=364.19536pt
* \paperheight=273.14662pt
* \textwidth=342.2953pt
* \textheight=244.6939pt
* \oddsidemargin=-61.31996pt
* \evensidemargin=-61.31996pt
* \topmargin=-72.26999pt
* \headheight=14.22636pt
* \headsep=0.0pt
* \topskip=11.0pt
* \footskip=14.22636pt
* \marginparwidth=4.0pt
* \marginparsep=10.0pt
* \columnsep=10.0pt
* \skip\footins=10.0pt plus 4.0pt minus 2.0pt
* \hoffset=0.0pt
* \voffset=0.0pt
* \mag=1000
* \@twocolumnfalse
* \@twosidefalse
* \@mparswitchfalse
* \@reversemarginfalse
* (1in=72.27pt=25.4mm, 1cm=28.453pt)

(/usr/share/texmf-dist/tex/context/base/mkii/supp-pdf.mkii
[Loading MPS to PDF converter (version 2006.09.02).]
\scratchcounter=\count371
\scratchdimen=\dimen319
\scratchbox=\box80
\nofMPsegments=\count372
\nofMParguments=\count373
\everyMPshowfont=\toks49
\MPscratchCnt=\count374
\MPscratchDim=\dimen320
\MPnumerator=\count375
\makeMPintoPDFobject=\count376
\everyMPtoPDFconversion=\toks50
) (/usr/share/texmf-dist/tex/latex/epstopdf-pkg/epstopdf-base.sty
Package: epstopdf-base 2020-01-24 v2.11 Base part for package epstopdf
Package epstopdf-base Info: Redefining graphics rule for `.eps' on input line 4
85.

(/usr/share/texmf-dist/tex/latex/latexconfig/epstopdf-sys.cfg
File: epstopdf-sys.cfg 2010/07/13 v1.3 Configuration of (r)epstopdf for TeX Liv
e
))
Package hyperref Info: Link coloring OFF on input line 60.

(./presentacion.out) (./presentacion.out)
\@outlinefile=\write5
\openout5 = `presentacion.out'.

LaTeX Font Info:    Overwriting symbol font `operators' in version `normal'
(Font)                  OT1/cmr/m/n --> OT1/cmss/m/n on input line 60.
LaTeX Font Info:    Overwriting symbol font `operators' in version `bold'
(Font)                  OT1/cmr/bx/n --> OT1/cmss/b/n on input line 60.
\symnumbers=\mathgroup6
\sympureletters=\mathgroup7
LaTeX Font Info:    Overwriting math alphabet `\mathrm' in version `normal'
(Font)                  OT1/cmss/m/n --> T1/cmr/m/n on input line 60.
LaTeX Font Info:    Redeclaring math alphabet \mathbf on input line 60.
LaTeX Font Info:    Overwriting math alphabet `\mathbf' in version `normal'
(Font)                  OT1/cmr/bx/n --> T1/cmss/b/n on input line 60.
LaTeX Font Info:    Overwriting math alphabet `\mathbf' in version `bold'
(Font)                  OT1/cmr/bx/n --> T1/cmss/b/n on input line 60.
LaTeX Font Info:    Redeclaring math alphabet \mathsf on input line 60.
LaTeX Font Info:    Overwriting math alphabet `\mathsf' in version `normal'
(Font)                  OT1/cmss/m/n --> T1/cmss/m/n on input line 60.
LaTeX Font Info:    Overwriting math alphabet `\mathsf' in version `bold'
(Font)                  OT1/cmss/bx/n --> T1/cmss/m/n on input line 60.
LaTeX Font Info:    Redeclaring math alphabet \mathit on input line 60.
LaTeX Font Info:    Overwriting math alphabet `\mathit' in version `normal'
(Font)                  OT1/cmr/m/it --> T1/cmss/m/it on input line 60.
LaTeX Font Info:    Overwriting math alphabet `\mathit' in version `bold'
(Font)                  OT1/cmr/bx/it --> T1/cmss/m/it on input line 60.
LaTeX Font Info:    Redeclaring math alphabet \mathtt on input line 60.
LaTeX Font Info:    Overwriting math alphabet `\mathtt' in version `normal'
(Font)                  OT1/cmtt/m/n --> T1/cmtt/m/n on input line 60.
LaTeX Font Info:    Overwriting math alphabet `\mathtt' in version `bold'
(Font)                  OT1/cmtt/m/n --> T1/cmtt/m/n on input line 60.
LaTeX Font Info:    Overwriting symbol font `numbers' in version `bold'
(Font)                  T1/cmss/m/n --> T1/cmss/b/n on input line 60.
LaTeX Font Info:    Overwriting symbol font `pureletters' in version `bold'
(Font)                  T1/cmss/m/it --> T1/cmss/b/it on input line 60.
LaTeX Font Info:    Overwriting math alphabet `\mathrm' in version `bold'
(Font)                  OT1/cmss/b/n --> T1/cmr/b/n on input line 60.
LaTeX Font Info:    Overwriting math alphabet `\mathbf' in version `bold'
(Font)                  T1/cmss/b/n --> T1/cmss/b/n on input line 60.
LaTeX Font Info:    Overwriting math alphabet `\mathsf' in version `bold'
(Font)                  T1/cmss/m/n --> T1/cmss/b/n on input line 60.
LaTeX Font Info:    Overwriting math alphabet `\mathit' in version `bold'
(Font)                  T1/cmss/m/it --> T1/cmss/b/it on input line 60.
LaTeX Font Info:    Overwriting math alphabet `\mathtt' in version `bold'
(Font)                  T1/cmtt/m/n --> T1/cmtt/b/n on input line 60.
LaTeX Font Info:    Redeclaring symbol font `pureletters' on input line 60.
LaTeX Font Info:    Encoding `T1' has changed to `OT1' for symbol font
(Font)              `pureletters' in the math version `normal' on input line 60
.
LaTeX Font Info:    Overwriting symbol font `pureletters' in version `normal'
(Font)                  T1/cmss/m/it --> OT1/mathkerncmss/m/sl on input line 60
.
LaTeX Font Info:    Encoding `T1' has changed to `OT1' for symbol font
(Font)              `pureletters' in the math version `bold' on input line 60.
LaTeX Font Info:    Overwriting symbol font `pureletters' in version `bold'
(Font)                  T1/cmss/b/it --> OT1/mathkerncmss/m/sl on input line 60
.
LaTeX Font Info:    Overwriting symbol font `pureletters' in version `bold'
(Font)                  OT1/mathkerncmss/m/sl --> OT1/mathkerncmss/bx/sl on inp
ut line 60.

(/usr/share/texmf-dist/tex/latex/translator/translator-basic-dictionary-English
.dict
Dictionary: translator-basic-dictionary, Language: English 
)
(/usr/share/texmf-dist/tex/latex/translator/translator-bibliography-dictionary-
English.dict
Dictionary: translator-bibliography-dictionary, Language: English 
)
(/usr/share/texmf-dist/tex/latex/translator/translator-environment-dictionary-E
nglish.dict
Dictionary: translator-environment-dictionary, Language: English 
)
(/usr/share/texmf-dist/tex/latex/translator/translator-months-dictionary-Englis
h.dict
Dictionary: translator-months-dictionary, Language: English 
)
(/usr/share/texmf-dist/tex/latex/translator/translator-numbers-dictionary-Engli
sh.dict
Dictionary: translator-numbers-dictionary, Language: English 
)
(/usr/share/texmf-dist/tex/latex/translator/translator-theorem-dictionary-Engli
sh.dict
Dictionary: translator-theorem-dictionary, Language: English 
)
\c@lstlisting=\count377
 (./presentacion.nav)
LaTeX Font Info:    Trying to load font information for U+msa on input line 62.

 (/usr/share/texmf-dist/tex/latex/amsfonts/umsa.fd
File: umsa.fd 2013/01/14 v3.01 AMS symbols A
)
LaTeX Font Info:    Trying to load font information for U+msb on input line 62.

 (/usr/share/texmf-dist/tex/latex/amsfonts/umsb.fd
File: umsb.fd 2013/01/14 v3.01 AMS symbols B
)
LaTeX Font Info:    Trying to load font information for OT1+mathkerncmss on inp
ut line 62.

(/usr/share/texmf-dist/tex/latex/sansmathaccent/ot1mathkerncmss.fd
File: ot1mathkerncmss.fd 2020/01/31 Fontinst v1.933 font definitions for OT1/ma
thkerncmss.
) [1

{/var/lib/texmf/fonts/map/pdftex/updmap/pdftex.map}{/usr/share/texmf-dist/fonts
/enc/dvips/cm-super/cm-super-t1.enc}] (./presentacion.toc) [2

] (./presentacion.toc)
[3

] [4

] [5

] [6

] (./presentacion.toc) [7

]
<../pipeline_diagram.png, id=304, 1136.245pt x 671.50874pt>
File: ../pipeline_diagram.png Graphic file (type png)
<use ../pipeline_diagram.png>
Package pdftex.def Info: ../pipeline_diagram.png  used on input line 106.
(pdftex.def)             Requested size: 154.03183pt x 91.02888pt.
 [8

 <../pipeline_diagram.png (PNG copy)>]
File: ../pipeline_diagram.png Graphic file (type png)
<use ../pipeline_diagram.png>
Package pdftex.def Info: ../pipeline_diagram.png  used on input line 106.
(pdftex.def)             Requested size: 154.03183pt x 91.02888pt.
 [9

]
File: ../pipeline_diagram.png Graphic file (type png)
<use ../pipeline_diagram.png>
Package pdftex.def Info: ../pipeline_diagram.png  used on input line 106.
(pdftex.def)             Requested size: 154.03183pt x 91.02888pt.
 [10

]
File: ../pipeline_diagram.png Graphic file (type png)
<use ../pipeline_diagram.png>
Package pdftex.def Info: ../pipeline_diagram.png  used on input line 106.
(pdftex.def)             Requested size: 154.03183pt x 91.02888pt.
 [11

]
File: ../pipeline_diagram.png Graphic file (type png)
<use ../pipeline_diagram.png>
Package pdftex.def Info: ../pipeline_diagram.png  used on input line 106.
(pdftex.def)             Requested size: 154.03183pt x 91.02888pt.
 [12

] [13

]
<../hazard_forward_nohu.png, id=476, 1326.9575pt x 377.41pt>
File: ../hazard_forward_nohu.png Graphic file (type png)
<use ../hazard_forward_nohu.png>
Package pdftex.def Info: ../hazard_forward_nohu.png  used on input line 135.
(pdftex.def)             Requested size: 171.14764pt x 48.67342pt.
<../hazard_forward_waveform.png, id=477, 1317.92375pt x 642.4pt>
File: ../hazard_forward_waveform.png Graphic file (type png)
<use ../hazard_forward_waveform.png>
Package pdftex.def Info: ../hazard_forward_waveform.png  used on input line 135
.
(pdftex.def)             Requested size: 171.14764pt x 83.4169pt.
 [14

 <../hazard_forward_nohu.png (PNG copy)> <../hazard_forward_waveform.png (PNG c
opy)>]
<../hazard_stall_nohu.png, id=507, 1325.95375pt x 378.41376pt>
File: ../hazard_stall_nohu.png Graphic file (type png)
<use ../hazard_stall_nohu.png>
Package pdftex.def Info: ../hazard_stall_nohu.png  used on input line 149.
(pdftex.def)             Requested size: 171.14764pt x 48.84329pt.
<../hazard_stall_waveform.png, id=508, 1320.935pt x 637.38126pt>
File: ../hazard_stall_waveform.png Graphic file (type png)
<use ../hazard_stall_waveform.png>
Package pdftex.def Info: ../hazard_stall_waveform.png  used on input line 149.
(pdftex.def)             Requested size: 171.14764pt x 82.58043pt.
 [15

 <../hazard_stall_nohu.png (PNG copy)> <../hazard_stall_waveform.png (PNG copy)
>]
<../hazard_flush_nohu.png, id=536, 1328.965pt x 392.46625pt>
File: ../hazard_flush_nohu.png Graphic file (type png)
<use ../hazard_flush_nohu.png>
Package pdftex.def Info: ../hazard_flush_nohu.png  used on input line 162.
(pdftex.def)             Requested size: 171.14764pt x 50.53732pt.
<../hazard_flush_waveform.png, id=537, 1326.9575pt x 644.4075pt>
File: ../hazard_flush_waveform.png Graphic file (type png)
<use ../hazard_flush_waveform.png>
Package pdftex.def Info: ../hazard_flush_waveform.png  used on input line 162.
(pdftex.def)             Requested size: 171.14764pt x 83.10727pt.
 [16

 <../hazard_flush_nohu.png (PNG copy)> <../hazard_flush_waveform.png (PNG copy)
>]
<../datapath_final.pdf, id=564, 700.82028pt x 398.76878pt>
File: ../datapath_final.pdf Graphic file (type pdf)
<use ../datapath_final.pdf>
Package pdftex.def Info: ../datapath_final.pdf  used on input line 172.
(pdftex.def)             Requested size: 335.44792pt x 190.87138pt.
 [17

 <../datapath_final.pdf>]
(./presentacion.toc) [18

] [19

] [20

]
\openout4 = `presentacion.vrb'.

 (./presentacion.vrb
LaTeX Font Info:    Font shape `T1/cmtt/bx/n' in size <8> not available
(Font)              Font shape `T1/cmtt/m/n' tried instead on input line 6.
LaTeX Font Info:    Font shape `T1/cmtt/bx/n' in size <10.95> not available
(Font)              Font shape `T1/cmtt/m/n' tried instead on input line 9.
) [21

] [22

]
<../alu_modificada.pdf, id=811, 625.12949pt x 352.18677pt>
File: ../alu_modificada.pdf Graphic file (type pdf)
<use ../alu_modificada.pdf>
Package pdftex.def Info: ../alu_modificada.pdf  used on input line 258.
(pdftex.def)             Requested size: 290.9531pt x 163.91562pt.
 [23

 <../alu_modificada.pdf>]
\openout4 = `presentacion.vrb'.

 (./presentacion.vrb) [24

]
\openout4 = `presentacion.vrb'.

 (./presentacion.vrb) [25

]
\openout4 = `presentacion.vrb'.


(./presentacion.vrb) [26

]
\openout4 = `presentacion.vrb'.

 (./presentacion.vrb) [27

] [28

] [29

] [30

]
(./presentacion.toc) [31

]
\openout4 = `presentacion.vrb'.

 (./presentacion.vrb) [32

]
<../../waves/bsearch/capturas_gtkwave/1_setup.png, id=1183, 1153.30875pt x 505.
89pt>
File: ../../waves/bsearch/capturas_gtkwave/1_setup.png Graphic file (type png)
<use ../../waves/bsearch/capturas_gtkwave/1_setup.png>
Package pdftex.def Info: ../../waves/bsearch/capturas_gtkwave/1_setup.png  used
 on input line 455.
(pdftex.def)             Requested size: 342.2997pt x 150.14713pt.
 [33

 <../../waves/bsearch/capturas_gtkwave/1_setup.png (PNG copy)>]
<../../waves/bsearch/capturas_gtkwave/2_fin_setup_inicio_loop.png, id=1211, 115
2.305pt x 505.89pt>
File: ../../waves/bsearch/capturas_gtkwave/2_fin_setup_inicio_loop.png Graphic 
file (type png)
<use ../../waves/bsearch/capturas_gtkwave/2_fin_setup_inicio_loop.png>
Package pdftex.def Info: ../../waves/bsearch/capturas_gtkwave/2_fin_setup_inici
o_loop.png  used on input line 463.
(pdftex.def)             Requested size: 342.30069pt x 150.27835pt.
 [34

 <../../waves/bsearch/capturas_gtkwave/2_fin_setup_inicio_loop.png (PNG copy)>]
<../../waves/bsearch/capturas_gtkwave/3_iteracion1_stall.png, id=1239, 1154.312
5pt x 508.90125pt>
File: ../../waves/bsearch/capturas_gtkwave/3_iteracion1_stall.png Graphic file 
(type png)
<use ../../waves/bsearch/capturas_gtkwave/3_iteracion1_stall.png>
Package pdftex.def Info: ../../waves/bsearch/capturas_gtkwave/3_iteracion1_stal
l.png  used on input line 471.
(pdftex.def)             Requested size: 342.29819pt x 150.90884pt.
 [35

 <../../waves/bsearch/capturas_gtkwave/3_iteracion1_stall.png (PNG copy)>]
<../../waves/bsearch/capturas_gtkwave/4_iteracion2.png, id=1268, 1153.30875pt x
 506.89375pt>
File: ../../waves/bsearch/capturas_gtkwave/4_iteracion2.png Graphic file (type 
png)
<use ../../waves/bsearch/capturas_gtkwave/4_iteracion2.png>
Package pdftex.def Info: ../../waves/bsearch/capturas_gtkwave/4_iteracion2.png 
 used on input line 479.
(pdftex.def)             Requested size: 342.2997pt x 150.44504pt.
 [36

 <../../waves/bsearch/capturas_gtkwave/4_iteracion2.png (PNG copy)>]
<../../waves/bsearch/capturas_gtkwave/5_resultado.png, id=1296, 573.14125pt x 5
05.89pt>
File: ../../waves/bsearch/capturas_gtkwave/5_resultado.png Graphic file (type p
ng)
<use ../../waves/bsearch/capturas_gtkwave/5_resultado.png>
Package pdftex.def Info: ../../waves/bsearch/capturas_gtkwave/5_resultado.png  
used on input line 486.
(pdftex.def)             Requested size: 212.47871pt x 187.54689pt.
 [37

 <../../waves/bsearch/capturas_gtkwave/5_resultado.png (PNG copy)>] [38

{/usr/share/texmf-dist/fonts/enc/dvips/cm-super/cm-super-ts1.enc}] [39

] (./presentacion.toc) [40

] [41

] [42

] [43

] [44

] [45

]
[46

] [47

] [48

] [49

]
<../fgsfds-osaka.png, id=1691, 638.385pt x 642.4pt>
File: ../fgsfds-osaka.png Graphic file (type png)
<use ../fgsfds-osaka.png>
Package pdftex.def Info: ../fgsfds-osaka.png  used on input line 580.
(pdftex.def)             Requested size: 142.36409pt x 143.26181pt.
 [50

 <../fgsfds-osaka.png>]
\tf@nav=\write6
\openout6 = `presentacion.nav'.

\tf@toc=\write7
\openout7 = `presentacion.toc'.

\tf@snm=\write8
\openout8 = `presentacion.snm'.

 (./presentacion.aux)
 ***********
LaTeX2e <2025-11-01>
L3 programming layer <2026-01-19>
 ***********
Package rerunfilecheck Info: File `presentacion.out' has not changed.
(rerunfilecheck)             Checksum: 5FD4243D30FCC871DA860577232BDE35;904.
 ) 
Here is how much of TeX's memory you used:
 24493 strings out of 469515
 459822 string characters out of 5470808
 1197142 words of memory out of 5000000
 52508 multiletter control sequences out of 15000+600000
 657249 words of font info for 111 fonts, out of 8000000 for 9000
 14 hyphenation exceptions out of 8191
 128i,15n,123p,404b,1532s stack positions out of 10000i,1000n,20000p,200000b,200000s
</usr/share/texmf-dist/fonts/type1/public/amsfonts/cm/cmbx7.pfb></usr/share/t
exmf-dist/fonts/type1/public/amsfonts/cm/cmbx9.pfb></usr/share/texmf-dist/fonts
/type1/public/amsfonts/cm/cmmi5.pfb></usr/share/texmf-dist/fonts/type1/public/a
msfonts/cm/cmmi6.pfb></usr/share/texmf-dist/fonts/type1/public/amsfonts/cm/cmmi
7.pfb></usr/share/texmf-dist/fonts/type1/public/amsfonts/cm/cmmi9.pfb></usr/sha
re/texmf-dist/fonts/type1/public/amsfonts/cm/cmr5.pfb></usr/share/texmf-dist/fo
nts/type1/public/amsfonts/cm/cmr6.pfb></usr/share/texmf-dist/fonts/type1/public
/amsfonts/cm/cmr7.pfb></usr/share/texmf-dist/fonts/type1/public/amsfonts/cm/cmr
9.pfb></usr/share/texmf-dist/fonts/type1/public/amsfonts/cm/cmss10.pfb></usr/sh
are/texmf-dist/fonts/type1/public/amsfonts/cm/cmsy10.pfb></usr/share/texmf-dist
/fonts/type1/public/amsfonts/cm/cmsy5.pfb></usr/share/texmf-dist/fonts/type1/pu
blic/amsfonts/cm/cmsy6.pfb></usr/share/texmf-dist/fonts/type1/public/amsfonts/c
m/cmsy8.pfb></usr/share/texmf-dist/fonts/type1/public/amsfonts/cm/cmsy9.pfb></u
sr/share/texmf-dist/fonts/type1/public/amsfonts/symbols/msam7.pfb></usr/share/t
exmf-dist/fonts/type1/public/cm-super/sfit0800.pfb></usr/share/texmf-dist/fonts
/type1/public/cm-super/sfsi0800.pfb></usr/share/texmf-dist/fonts/type1/public/c
m-super/sfsi0900.pfb></usr/share/texmf-dist/fonts/type1/public/cm-super/sfsi109
5.pfb></usr/share/texmf-dist/fonts/type1/public/cm-super/sfsi1440.pfb></usr/sha
re/texmf-dist/fonts/type1/public/cm-super/sfss0600.pfb></usr/share/texmf-dist/f
onts/type1/public/cm-super/sfss0800.pfb></usr/share/texmf-dist/fonts/type1/publ
ic/cm-super/sfss0900.pfb></usr/share/texmf-dist/fonts/type1/public/cm-super/sfs
s1000.pfb></usr/share/texmf-dist/fonts/type1/public/cm-super/sfss1095.pfb></usr
/share/texmf-dist/fonts/type1/public/cm-super/sfss1200.pfb></usr/share/texmf-di
st/fonts/type1/public/cm-super/sfss1440.pfb></usr/share/texmf-dist/fonts/type1/
public/cm-super/sfss2488.pfb></usr/share/texmf-dist/fonts/type1/public/cm-super
/sfsx0600.pfb></usr/share/texmf-dist/fonts/type1/public/cm-super/sfsx0900.pfb><
/usr/share/texmf-dist/fonts/type1/public/cm-super/sfsx1000.pfb></usr/share/texm
f-dist/fonts/type1/public/cm-super/sfsx1095.pfb></usr/share/texmf-dist/fonts/ty
pe1/public/cm-super/sftt0800.pfb></usr/share/texmf-dist/fonts/type1/public/cm-s
uper/sftt0900.pfb></usr/share/texmf-dist/fonts/type1/public/cm-super/sftt1000.p
fb></usr/share/texmf-dist/fonts/type1/public/cm-super/sftt1095.pfb></usr/share/
texmf-dist/fonts/type1/public/cm-super/sftt1440.pfb>
Output written on presentacion.pdf (50 pages, 1330158 bytes).
PDF statistics:
 1875 PDF objects out of 2073 (max. 8388607)
 1579 compressed objects within 16 object streams
 106 named destinations out of 1000 (max. 500000)
 632 words of extra memory for PDF output out of 10000 (max. 10000000)

